REGRESSION RESULTS
==================

PASSED TESTS: 69
test_name : soft_reset_test    seed : 51174
test_name : soft_reset_test    seed : 13464
test_name : soft_reset_test    seed : 3780
test_name : soft_reset_test    seed : 28269
test_name : soft_reset_test    seed : 36021
test_name : soft_reset_test    seed : 44711
test_name : soft_reset_test    seed : 15493
test_name : soft_reset_test    seed : 91874
test_name : soft_reset_test    seed : 44645
test_name : soft_reset_test    seed : 28222
test_name : concurrent_stream_test    seed : 12578
test_name : concurrent_stream_test    seed : 50108
test_name : concurrent_stream_test    seed : 44255
test_name : concurrent_stream_test    seed : 33013
test_name : concurrent_stream_test    seed : 99295
test_name : concurrent_stream_test    seed : 72080
test_name : concurrent_stream_test    seed : 45915
test_name : concurrent_stream_test    seed : 33667
test_name : concurrent_stream_test    seed : 6251
test_name : concurrent_stream_test    seed : 73202
test_name : reset_test    seed : 1373
test_name : reset_test    seed : 2618
test_name : reset_test    seed : 43929
test_name : reset_test    seed : 79165
test_name : reset_test    seed : 13535
test_name : reset_test    seed : 56931
test_name : reset_test    seed : 93303
test_name : reset_test    seed : 99102
test_name : reset_test    seed : 53566
test_name : reset_test    seed : 20317
test_name : stream_map_test    seed : 85967
test_name : stream_map_test    seed : 81355
test_name : stream_map_test    seed : 45585
test_name : out_stream_zero_reg_test    seed : 94990
test_name : out_stream_zero_reg_test    seed : 69914
test_name : out_stream_zero_reg_test    seed : 68290
test_name : out_stream_zero_reg_test    seed : 7486
test_name : out_stream_zero_reg_test    seed : 28200
test_name : out_stream_zero_reg_test    seed : 36079
test_name : out_stream_zero_reg_test    seed : 1645
test_name : out_stream_zero_reg_test    seed : 54474
test_name : out_stream_zero_reg_test    seed : 63234
test_name : out_stream_zero_reg_test    seed : 99019
test_name : packet_count_limit_test    seed : 42487
test_name : packet_count_limit_test    seed : 92223
test_name : packet_count_limit_test    seed : 75574
test_name : in_stream_zero_reg_test    seed : 16860
test_name : in_stream_zero_reg_test    seed : 38293
test_name : in_stream_zero_reg_test    seed : 7647
test_name : in_stream_zero_reg_test    seed : 3494
test_name : in_stream_zero_reg_test    seed : 56577
test_name : in_stream_zero_reg_test    seed : 11323
test_name : in_stream_zero_reg_test    seed : 2869
test_name : in_stream_zero_reg_test    seed : 78554
test_name : in_stream_zero_reg_test    seed : 80975
test_name : in_stream_zero_reg_test    seed : 37059
test_name : all_streams_active_test    seed : 95050
test_name : all_streams_active_test    seed : 16160
test_name : all_streams_active_test    seed : 12620
test_name : all_streams_active_test    seed : 73138
test_name : all_streams_active_test    seed : 69420
test_name : all_streams_active_test    seed : 89033
test_name : all_streams_active_test    seed : 63494
test_name : all_streams_active_test    seed : 52377
test_name : all_streams_active_test    seed : 75688
test_name : all_streams_active_test    seed : 42337
test_name : zero_packet_count_test    seed : 2323
test_name : zero_packet_count_test    seed : 70757
test_name : empty_packet_store_test    seed : 76619

----------------
FAILED TESTS: 211
test_name : toggle_test    seed : 54511
test_name : toggle_test    seed : 51526
test_name : toggle_test    seed : 59635
test_name : toggle_test    seed : 60785
test_name : toggle_test    seed : 41685
test_name : toggle_test    seed : 20180
test_name : toggle_test    seed : 95032
test_name : toggle_test    seed : 45376
test_name : toggle_test    seed : 93734
test_name : toggle_test    seed : 21250
test_name : stream_seven_test    seed : 47766
test_name : stream_seven_test    seed : 84614
test_name : stream_seven_test    seed : 15902
test_name : stream_seven_test    seed : 22790
test_name : stream_seven_test    seed : 65442
test_name : stream_seven_test    seed : 14044
test_name : stream_seven_test    seed : 88474
test_name : stream_seven_test    seed : 34299
test_name : stream_seven_test    seed : 19766
test_name : stream_seven_test    seed : 37421
test_name : stream_three_test    seed : 84244
test_name : stream_three_test    seed : 7235
test_name : stream_three_test    seed : 41828
test_name : stream_three_test    seed : 45871
test_name : stream_three_test    seed : 57433
test_name : stream_three_test    seed : 39014
test_name : stream_three_test    seed : 78408
test_name : stream_three_test    seed : 17582
test_name : stream_three_test    seed : 88245
test_name : stream_three_test    seed : 86065
test_name : stream_eight_test    seed : 64597
test_name : stream_eight_test    seed : 38304
test_name : stream_eight_test    seed : 13061
test_name : stream_eight_test    seed : 98530
test_name : stream_eight_test    seed : 15717
test_name : stream_eight_test    seed : 26219
test_name : stream_eight_test    seed : 63809
test_name : stream_eight_test    seed : 44550
test_name : stream_eight_test    seed : 97958
test_name : stream_eight_test    seed : 29174
test_name : randomization_test    seed : 22048
test_name : randomization_test    seed : 54074
test_name : randomization_test    seed : 35868
test_name : randomization_test    seed : 27320
test_name : randomization_test    seed : 45264
test_name : randomization_test    seed : 14151
test_name : randomization_test    seed : 61147
test_name : randomization_test    seed : 63010
test_name : randomization_test    seed : 72827
test_name : randomization_test    seed : 29618
test_name : stream_map_test    seed : 49757
test_name : stream_map_test    seed : 92368
test_name : stream_map_test    seed : 72311
test_name : stream_map_test    seed : 12094
test_name : stream_map_test    seed : 4269
test_name : stream_map_test    seed : 81266
test_name : stream_map_test    seed : 2567
test_name : rand_1_test    seed : 35839
test_name : rand_1_test    seed : 37111
test_name : rand_1_test    seed : 35812
test_name : rand_1_test    seed : 19228
test_name : rand_1_test    seed : 66433
test_name : rand_1_test    seed : 1408
test_name : rand_1_test    seed : 40580
test_name : rand_1_test    seed : 64275
test_name : rand_1_test    seed : 51089
test_name : rand_1_test    seed : 80472
test_name : stream_two_test    seed : 71794
test_name : stream_two_test    seed : 60268
test_name : stream_two_test    seed : 36455
test_name : stream_two_test    seed : 58390
test_name : stream_two_test    seed : 73792
test_name : stream_two_test    seed : 15409
test_name : stream_two_test    seed : 91946
test_name : stream_two_test    seed : 91596
test_name : stream_two_test    seed : 75316
test_name : stream_two_test    seed : 12877
test_name : stream_six_test    seed : 71166
test_name : stream_six_test    seed : 52001
test_name : stream_six_test    seed : 95442
test_name : stream_six_test    seed : 58247
test_name : stream_six_test    seed : 3759
test_name : stream_six_test    seed : 81970
test_name : stream_six_test    seed : 177
test_name : stream_six_test    seed : 99950
test_name : stream_six_test    seed : 67875
test_name : stream_six_test    seed : 95622
test_name : stream_eleven_test    seed : 633
test_name : stream_eleven_test    seed : 38044
test_name : stream_eleven_test    seed : 2252
test_name : stream_eleven_test    seed : 99345
test_name : stream_eleven_test    seed : 18451
test_name : stream_eleven_test    seed : 64470
test_name : stream_eleven_test    seed : 3142
test_name : stream_eleven_test    seed : 67550
test_name : stream_eleven_test    seed : 6404
test_name : stream_eleven_test    seed : 18097
test_name : stream_nine_test    seed : 90059
test_name : stream_nine_test    seed : 44463
test_name : stream_nine_test    seed : 97020
test_name : stream_nine_test    seed : 7474
test_name : stream_nine_test    seed : 73644
test_name : stream_nine_test    seed : 18450
test_name : stream_nine_test    seed : 86068
test_name : stream_nine_test    seed : 71379
test_name : stream_nine_test    seed : 50268
test_name : stream_nine_test    seed : 68890
test_name : packet_count_limit_test    seed : 95746
test_name : packet_count_limit_test    seed : 91205
test_name : packet_count_limit_test    seed : 64647
test_name : packet_count_limit_test    seed : 17368
test_name : packet_count_limit_test    seed : 37
test_name : packet_count_limit_test    seed : 53128
test_name : packet_count_limit_test    seed : 5529
test_name : rand_2_test    seed : 55022
test_name : rand_2_test    seed : 95587
test_name : rand_2_test    seed : 95109
test_name : rand_2_test    seed : 98106
test_name : rand_2_test    seed : 98029
test_name : rand_2_test    seed : 35742
test_name : rand_2_test    seed : 57335
test_name : rand_2_test    seed : 44181
test_name : rand_2_test    seed : 5116
test_name : rand_2_test    seed : 29857
test_name : zero_packet_count_test    seed : 3514
test_name : zero_packet_count_test    seed : 91864
test_name : zero_packet_count_test    seed : 1075
test_name : zero_packet_count_test    seed : 52964
test_name : zero_packet_count_test    seed : 89055
test_name : zero_packet_count_test    seed : 83217
test_name : zero_packet_count_test    seed : 94944
test_name : zero_packet_count_test    seed : 5192
test_name : rand_3_test    seed : 80842
test_name : rand_3_test    seed : 20650
test_name : rand_3_test    seed : 14542
test_name : rand_3_test    seed : 40115
test_name : rand_3_test    seed : 23533
test_name : rand_3_test    seed : 87163
test_name : rand_3_test    seed : 50162
test_name : rand_3_test    seed : 21777
test_name : rand_3_test    seed : 70883
test_name : rand_3_test    seed : 91814
test_name : maximun_packet_count_test    seed : 55483
test_name : maximun_packet_count_test    seed : 98277
test_name : maximun_packet_count_test    seed : 2083
test_name : maximun_packet_count_test    seed : 45161
test_name : maximun_packet_count_test    seed : 8480
test_name : maximun_packet_count_test    seed : 29063
test_name : maximun_packet_count_test    seed : 62608
test_name : maximun_packet_count_test    seed : 2742
test_name : maximun_packet_count_test    seed : 16870
test_name : maximun_packet_count_test    seed : 29141
test_name : stream_fifteen_test    seed : 84899
test_name : stream_fifteen_test    seed : 4125
test_name : stream_fifteen_test    seed : 88514
test_name : stream_fifteen_test    seed : 49394
test_name : stream_fifteen_test    seed : 34054
test_name : stream_fifteen_test    seed : 85406
test_name : stream_fifteen_test    seed : 18118
test_name : stream_fifteen_test    seed : 52380
test_name : stream_fifteen_test    seed : 55579
test_name : stream_fifteen_test    seed : 55716
test_name : stream_twelve_test    seed : 69197
test_name : stream_twelve_test    seed : 18020
test_name : stream_twelve_test    seed : 99933
test_name : stream_twelve_test    seed : 85590
test_name : stream_twelve_test    seed : 11255
test_name : stream_twelve_test    seed : 40567
test_name : stream_twelve_test    seed : 19272
test_name : stream_twelve_test    seed : 83804
test_name : stream_twelve_test    seed : 63960
test_name : stream_twelve_test    seed : 37001
test_name : stream_fourteen_test    seed : 21909
test_name : stream_fourteen_test    seed : 66706
test_name : stream_fourteen_test    seed : 43949
test_name : stream_fourteen_test    seed : 8798
test_name : stream_fourteen_test    seed : 96585
test_name : stream_fourteen_test    seed : 91861
test_name : stream_fourteen_test    seed : 79665
test_name : stream_fourteen_test    seed : 91874
test_name : stream_fourteen_test    seed : 93818
test_name : stream_fourteen_test    seed : 16459
test_name : stream_thirteen_test    seed : 86963
test_name : stream_thirteen_test    seed : 2774
test_name : stream_thirteen_test    seed : 57871
test_name : stream_thirteen_test    seed : 95004
test_name : stream_thirteen_test    seed : 97891
test_name : stream_thirteen_test    seed : 79040
test_name : stream_thirteen_test    seed : 18188
test_name : stream_thirteen_test    seed : 84111
test_name : stream_thirteen_test    seed : 29136
test_name : stream_thirteen_test    seed : 5563
test_name : strem_one_test    seed : 71506
test_name : strem_one_test    seed : 22460
test_name : strem_one_test    seed : 20568
test_name : strem_one_test    seed : 80936
test_name : strem_one_test    seed : 58803
test_name : strem_one_test    seed : 87868
test_name : strem_one_test    seed : 80914
test_name : strem_one_test    seed : 74024
test_name : strem_one_test    seed : 78518
test_name : strem_one_test    seed : 52072
test_name : empty_packet_store_test    seed : 42730
test_name : empty_packet_store_test    seed : 43372
test_name : empty_packet_store_test    seed : 88212
test_name : empty_packet_store_test    seed : 96928
test_name : empty_packet_store_test    seed : 56133
test_name : empty_packet_store_test    seed : 84701
test_name : empty_packet_store_test    seed : 60322
test_name : empty_packet_store_test    seed : 77486
test_name : empty_packet_store_test    seed : 54828
